{"date":"2024-12-30 12:16:24","message":"✅ Application initialized successfully.","level":"info"}
{"date":"2024-12-30 12:16:24","message":"MongoDB connection established","level":"info"}
{"date":"2024-12-30 12:16:24","message":"MongoDB connected successfully","level":"info"}
{"date":"2024-12-30 12:16:30","message":"✅ Application initialized successfully.","level":"info"}
{"date":"2024-12-30 12:16:30","message":"MongoDB connection established","level":"info"}
{"date":"2024-12-30 12:16:30","message":"MongoDB connected successfully","level":"info"}
{"date":"2024-12-31 10:27:48","message":"MongoDB connection error: MongoParseError: Invalid scheme, expected connection string to start with \"mongodb://\" or \"mongodb+srv://\"","level":"error"}
{"date":"2024-12-31 10:27:48","message":"✅ Application initialized successfully.","level":"info"}
{"date":"2024-12-31 10:27:48","message":"MongoDB connection error: Invalid scheme, expected connection string to start with \"mongodb://\" or \"mongodb+srv://\"","level":"error"}
{"date":"2024-12-31 10:37:39","message":"✅ Application initialized successfully.","level":"info"}
{"date":"2024-12-31 10:37:39","message":"MongoDB connection established","level":"info"}
{"date":"2024-12-31 10:37:39","message":"MongoDB connected successfully","level":"info"}
{"date":"2024-12-31 11:09:39","message":"✅ Application initialized successfully.","level":"info"}
{"date":"2024-12-31 11:09:39","message":"MongoDB connection established","level":"info"}
{"date":"2024-12-31 11:09:39","message":"MongoDB connected successfully","level":"info"}
{"date":"2024-12-31 11:09:43","message":"✅ Application initialized successfully.","level":"info"}
{"date":"2024-12-31 11:09:43","message":"MongoDB connection established","level":"info"}
{"date":"2024-12-31 11:09:43","message":"MongoDB connected successfully","level":"info"}
{"date":"2024-12-31 11:09:47","message":"✅ Application initialized successfully.","level":"info"}
{"date":"2024-12-31 11:09:47","message":"MongoDB connection established","level":"info"}
{"date":"2024-12-31 11:09:47","message":"MongoDB connected successfully","level":"info"}
{"date":"2024-12-31 11:09:56","message":"✅ Application initialized successfully.","level":"info"}
{"date":"2024-12-31 11:09:56","message":"MongoDB connection established","level":"info"}
{"date":"2024-12-31 11:09:56","message":"MongoDB connected successfully","level":"info"}
{"date":"2024-12-31 11:10:17","message":"✅ Application initialized successfully.","level":"info"}
{"date":"2024-12-31 11:10:17","message":"MongoDB connection established","level":"info"}
{"date":"2024-12-31 11:10:17","message":"MongoDB connected successfully","level":"info"}
{"date":"2024-12-31 11:10:44","message":"✅ Application initialized successfully.","level":"info"}
{"date":"2024-12-31 11:10:44","message":"MongoDB connection established","level":"info"}
{"date":"2024-12-31 11:10:44","message":"MongoDB connected successfully","level":"info"}
{"date":"2024-12-31 11:10:47","message":"✅ Application initialized successfully.","level":"info"}
{"date":"2024-12-31 11:10:47","message":"MongoDB connection established","level":"info"}
{"date":"2024-12-31 11:10:47","message":"MongoDB connected successfully","level":"info"}
{"date":"2024-12-31 11:10:51","message":"✅ Application initialized successfully.","level":"info"}
{"date":"2024-12-31 11:10:51","message":"MongoDB connection established","level":"info"}
{"date":"2024-12-31 11:10:51","message":"MongoDB connected successfully","level":"info"}
{"date":"2024-12-31 11:10:53","message":"✅ Application initialized successfully.","level":"info"}
{"date":"2024-12-31 11:10:53","message":"MongoDB connection established","level":"info"}
{"date":"2024-12-31 11:10:53","message":"MongoDB connected successfully","level":"info"}
{"date":"2024-12-31 11:10:55","message":"✅ Application initialized successfully.","level":"info"}
{"date":"2024-12-31 11:10:55","message":"MongoDB connection established","level":"info"}
{"date":"2024-12-31 11:10:55","message":"MongoDB connected successfully","level":"info"}
{"date":"2024-12-31 11:10:58","message":"✅ Application initialized successfully.","level":"info"}
{"date":"2024-12-31 11:10:58","message":"MongoDB connection established","level":"info"}
{"date":"2024-12-31 11:10:58","message":"MongoDB connected successfully","level":"info"}
{"date":"2024-12-31 11:11:01","message":"✅ Application initialized successfully.","level":"info"}
{"date":"2024-12-31 11:11:01","message":"MongoDB connection established","level":"info"}
{"date":"2024-12-31 11:11:01","message":"MongoDB connected successfully","level":"info"}
{"date":"2024-12-31 11:11:05","message":"✅ Application initialized successfully.","level":"info"}
{"date":"2024-12-31 11:11:05","message":"MongoDB connection established","level":"info"}
{"date":"2024-12-31 11:11:05","message":"MongoDB connected successfully","level":"info"}
{"date":"2024-12-31 11:11:06","message":"✅ Application initialized successfully.","level":"info"}
{"date":"2024-12-31 11:11:06","message":"MongoDB connection established","level":"info"}
{"date":"2024-12-31 11:11:06","message":"MongoDB connected successfully","level":"info"}
{"date":"2024-12-31 11:11:08","message":"✅ Application initialized successfully.","level":"info"}
{"date":"2024-12-31 11:11:08","message":"MongoDB connection established","level":"info"}
{"date":"2024-12-31 11:11:08","message":"MongoDB connected successfully","level":"info"}
{"date":"2024-12-31 11:11:10","message":"✅ Application initialized successfully.","level":"info"}
{"date":"2024-12-31 11:11:10","message":"MongoDB connection established","level":"info"}
{"date":"2024-12-31 11:11:10","message":"MongoDB connected successfully","level":"info"}
{"date":"2024-12-31 11:11:13","message":"✅ Application initialized successfully.","level":"info"}
{"date":"2024-12-31 11:11:14","message":"MongoDB connection established","level":"info"}
{"date":"2024-12-31 11:11:14","message":"MongoDB connected successfully","level":"info"}
{"date":"2024-12-31 11:11:15","message":"✅ Application initialized successfully.","level":"info"}
{"date":"2024-12-31 11:11:15","message":"MongoDB connection established","level":"info"}
{"date":"2024-12-31 11:11:15","message":"MongoDB connected successfully","level":"info"}
{"date":"2024-12-31 11:11:18","message":"✅ Application initialized successfully.","level":"info"}
{"date":"2024-12-31 11:11:18","message":"MongoDB connection established","level":"info"}
{"date":"2024-12-31 11:11:18","message":"MongoDB connected successfully","level":"info"}
{"date":"2024-12-31 11:11:21","message":"✅ Application initialized successfully.","level":"info"}
{"date":"2024-12-31 11:11:21","message":"MongoDB connection established","level":"info"}
{"date":"2024-12-31 11:11:21","message":"MongoDB connected successfully","level":"info"}
{"date":"2024-12-31 11:11:24","message":"✅ Application initialized successfully.","level":"info"}
{"date":"2024-12-31 11:11:24","message":"MongoDB connection established","level":"info"}
{"date":"2024-12-31 11:11:24","message":"MongoDB connected successfully","level":"info"}
{"date":"2024-12-31 11:11:29","message":"✅ Application initialized successfully.","level":"info"}
{"date":"2024-12-31 11:11:29","message":"MongoDB connection established","level":"info"}
{"date":"2024-12-31 11:11:29","message":"MongoDB connected successfully","level":"info"}
{"date":"2024-12-31 11:11:36","message":"✅ Application initialized successfully.","level":"info"}
{"date":"2024-12-31 11:11:40","message":"✅ Application initialized successfully.","level":"info"}
{"date":"2024-12-31 11:11:40","message":"MongoDB connection established","level":"info"}
{"date":"2024-12-31 11:11:40","message":"MongoDB connected successfully","level":"info"}
{"date":"2024-12-31 11:11:41","message":"✅ Application initialized successfully.","level":"info"}
{"date":"2024-12-31 11:11:41","message":"MongoDB connection established","level":"info"}
{"date":"2024-12-31 11:11:41","message":"MongoDB connected successfully","level":"info"}
{"date":"2024-12-31 11:11:44","message":"✅ Application initialized successfully.","level":"info"}
{"date":"2024-12-31 11:11:44","message":"MongoDB connection established","level":"info"}
{"date":"2024-12-31 11:11:44","message":"MongoDB connected successfully","level":"info"}
{"date":"2024-12-31 11:11:49","message":"✅ Application initialized successfully.","level":"info"}
{"date":"2024-12-31 11:11:49","message":"MongoDB connection established","level":"info"}
{"date":"2024-12-31 11:11:49","message":"MongoDB connected successfully","level":"info"}
{"date":"2024-12-31 11:11:53","message":"✅ Application initialized successfully.","level":"info"}
{"date":"2024-12-31 11:11:53","message":"MongoDB connection established","level":"info"}
{"date":"2024-12-31 11:11:53","message":"MongoDB connected successfully","level":"info"}
{"date":"2024-12-31 11:11:55","message":"✅ Application initialized successfully.","level":"info"}
{"date":"2024-12-31 11:11:55","message":"MongoDB connection established","level":"info"}
{"date":"2024-12-31 11:11:55","message":"MongoDB connected successfully","level":"info"}
{"date":"2024-12-31 11:12:37","message":"✅ Application initialized successfully.","level":"info"}
{"date":"2024-12-31 11:12:37","message":"MongoDB connection established","level":"info"}
{"date":"2024-12-31 11:12:37","message":"MongoDB connected successfully","level":"info"}
{"date":"2024-12-31 11:12:39","message":"✅ Application initialized successfully.","level":"info"}
{"date":"2024-12-31 11:12:39","message":"MongoDB connection established","level":"info"}
{"date":"2024-12-31 11:12:39","message":"MongoDB connected successfully","level":"info"}
{"date":"2024-12-31 11:12:42","message":"✅ Application initialized successfully.","level":"info"}
{"date":"2024-12-31 11:12:42","message":"MongoDB connection established","level":"info"}
{"date":"2024-12-31 11:12:42","message":"MongoDB connected successfully","level":"info"}
{"date":"2024-12-31 11:13:04","message":"✅ Application initialized successfully.","level":"info"}
{"date":"2024-12-31 11:13:04","message":"MongoDB connection established","level":"info"}
{"date":"2024-12-31 11:13:04","message":"MongoDB connected successfully","level":"info"}
{"date":"2024-12-31 11:13:18","message":"✅ Application initialized successfully.","level":"info"}
{"date":"2024-12-31 11:13:18","message":"MongoDB connection established","level":"info"}
{"date":"2024-12-31 11:13:18","message":"MongoDB connected successfully","level":"info"}
{"date":"2024-12-31 11:19:03","message":"✅ Application initialized successfully.","level":"info"}
{"date":"2024-12-31 11:19:03","message":"MongoDB connection established","level":"info"}
{"date":"2024-12-31 11:19:03","message":"MongoDB connected successfully","level":"info"}
{"date":"2024-12-31 11:19:35","message":"✅ Application initialized successfully.","level":"info"}
{"date":"2024-12-31 11:19:35","message":"MongoDB connection established","level":"info"}
{"date":"2024-12-31 11:19:35","message":"MongoDB connected successfully","level":"info"}
{"date":"2024-12-31 11:19:51","message":"✅ Application initialized successfully.","level":"info"}
{"date":"2024-12-31 11:19:51","message":"MongoDB connection established","level":"info"}
{"date":"2024-12-31 11:19:51","message":"MongoDB connected successfully","level":"info"}
{"date":"2024-12-31 11:36:49","message":"✅ Application initialized successfully.","level":"info"}
{"date":"2024-12-31 11:36:49","message":"MongoDB connection established","level":"info"}
{"date":"2024-12-31 11:36:49","message":"MongoDB connected successfully","level":"info"}
{"date":"2024-12-31 11:39:51","message":"✅ Application initialized successfully.","level":"info"}
{"date":"2024-12-31 11:39:51","message":"MongoDB connection established","level":"info"}
{"date":"2024-12-31 11:39:51","message":"MongoDB connected successfully","level":"info"}
{"date":"2024-12-31 12:06:59","message":"✅ Application initialized successfully.","level":"info"}
{"date":"2024-12-31 12:06:59","message":"MongoDB connection established","level":"info"}
{"date":"2024-12-31 12:06:59","message":"MongoDB connected successfully","level":"info"}
{"date":"2024-12-31 12:07:05","message":"✅ Application initialized successfully.","level":"info"}
{"date":"2024-12-31 12:07:05","message":"MongoDB connection established","level":"info"}
{"date":"2024-12-31 12:07:05","message":"MongoDB connected successfully","level":"info"}
{"date":"2024-12-31 12:07:08","message":"✅ Application initialized successfully.","level":"info"}
{"date":"2024-12-31 12:07:08","message":"MongoDB connection established","level":"info"}
{"date":"2024-12-31 12:07:08","message":"MongoDB connected successfully","level":"info"}
{"date":"2024-12-31 12:07:12","message":"✅ Application initialized successfully.","level":"info"}
{"date":"2024-12-31 12:07:12","message":"MongoDB connection established","level":"info"}
{"date":"2024-12-31 12:07:12","message":"MongoDB connected successfully","level":"info"}
{"date":"2024-12-31 12:07:18","message":"✅ Application initialized successfully.","level":"info"}
{"date":"2024-12-31 12:07:18","message":"MongoDB connection established","level":"info"}
{"date":"2024-12-31 12:07:18","message":"MongoDB connected successfully","level":"info"}
{"date":"2024-12-31 12:07:21","message":"✅ Application initialized successfully.","level":"info"}
{"date":"2024-12-31 12:07:21","message":"MongoDB connection established","level":"info"}
{"date":"2024-12-31 12:07:21","message":"MongoDB connected successfully","level":"info"}
{"date":"2024-12-31 12:07:25","message":"✅ Application initialized successfully.","level":"info"}
{"date":"2024-12-31 12:07:25","message":"MongoDB connection established","level":"info"}
{"date":"2024-12-31 12:07:25","message":"MongoDB connected successfully","level":"info"}
{"date":"2024-12-31 12:07:43","message":"✅ Application initialized successfully.","level":"info"}
{"date":"2024-12-31 12:07:43","message":"MongoDB connection established","level":"info"}
{"date":"2024-12-31 12:07:43","message":"MongoDB connected successfully","level":"info"}
{"date":"2024-12-31 12:09:49","message":"✅ Application initialized successfully.","level":"info"}
{"date":"2024-12-31 12:09:49","message":"MongoDB connection established","level":"info"}
{"date":"2024-12-31 12:09:49","message":"MongoDB connected successfully","level":"info"}
{"date":"2024-12-31 12:11:45","message":"Unhandled Rejection: User.compare is not a function","level":"error"}
{"date":"2024-12-31 12:11:54","message":"Unhandled Rejection: User.compare is not a function","level":"error"}
{"date":"2024-12-31 12:13:28","message":"✅ Application initialized successfully.","level":"info"}
{"date":"2024-12-31 12:13:29","message":"MongoDB connection established","level":"info"}
{"date":"2024-12-31 12:13:29","message":"MongoDB connected successfully","level":"info"}
{"date":"2024-12-31 12:13:44","message":"✅ Application initialized successfully.","level":"info"}
{"date":"2024-12-31 12:13:45","message":"MongoDB connection established","level":"info"}
{"date":"2024-12-31 12:13:45","message":"MongoDB connected successfully","level":"info"}
{"date":"2024-12-31 12:13:58","message":"✅ Application initialized successfully.","level":"info"}
{"date":"2024-12-31 12:13:58","message":"MongoDB connection established","level":"info"}
{"date":"2024-12-31 12:13:58","message":"MongoDB connected successfully","level":"info"}
{"date":"2024-12-31 12:14:08","message":"✅ Application initialized successfully.","level":"info"}
{"date":"2024-12-31 12:14:08","message":"MongoDB connection established","level":"info"}
{"date":"2024-12-31 12:14:08","message":"MongoDB connected successfully","level":"info"}
{"date":"2024-12-31 12:14:32","message":"✅ Application initialized successfully.","level":"info"}
{"date":"2024-12-31 12:14:33","message":"MongoDB connection established","level":"info"}
{"date":"2024-12-31 12:14:33","message":"MongoDB connected successfully","level":"info"}
{"date":"2024-12-31 12:14:39","message":"✅ Application initialized successfully.","level":"info"}
{"date":"2024-12-31 12:14:40","message":"MongoDB connection established","level":"info"}
{"date":"2024-12-31 12:14:40","message":"MongoDB connected successfully","level":"info"}
{"date":"2024-12-31 12:14:42","message":"✅ Application initialized successfully.","level":"info"}
{"date":"2024-12-31 12:14:42","message":"MongoDB connection established","level":"info"}
{"date":"2024-12-31 12:14:42","message":"MongoDB connected successfully","level":"info"}
{"date":"2024-12-31 12:14:43","message":"✅ Application initialized successfully.","level":"info"}
{"date":"2024-12-31 12:14:44","message":"✅ Application initialized successfully.","level":"info"}
{"date":"2024-12-31 12:14:44","message":"MongoDB connection established","level":"info"}
{"date":"2024-12-31 12:14:44","message":"MongoDB connected successfully","level":"info"}
{"date":"2024-12-31 12:14:49","message":"✅ Application initialized successfully.","level":"info"}
{"date":"2024-12-31 12:14:49","message":"MongoDB connection established","level":"info"}
{"date":"2024-12-31 12:14:49","message":"MongoDB connected successfully","level":"info"}
{"date":"2024-12-31 12:14:51","message":"✅ Application initialized successfully.","level":"info"}
{"date":"2024-12-31 12:14:52","message":"✅ Application initialized successfully.","level":"info"}
{"date":"2024-12-31 12:14:53","message":"MongoDB connection established","level":"info"}
{"date":"2024-12-31 12:14:53","message":"MongoDB connected successfully","level":"info"}
{"date":"2024-12-31 12:17:16","message":"✅ Application initialized successfully.","level":"info"}
{"date":"2024-12-31 12:17:16","message":"MongoDB connection established","level":"info"}
{"date":"2024-12-31 12:17:16","message":"MongoDB connected successfully","level":"info"}
{"date":"2024-12-31 12:17:18","message":"✅ Application initialized successfully.","level":"info"}
{"date":"2024-12-31 12:17:18","message":"MongoDB connection established","level":"info"}
{"date":"2024-12-31 12:17:18","message":"MongoDB connected successfully","level":"info"}
{"date":"2024-12-31 12:18:19","message":"✅ Application initialized successfully.","level":"info"}
{"date":"2024-12-31 12:18:20","message":"✅ Application initialized successfully.","level":"info"}
{"date":"2024-12-31 12:18:20","message":"MongoDB connection established","level":"info"}
{"date":"2024-12-31 12:18:20","message":"MongoDB connected successfully","level":"info"}
{"date":"2024-12-31 12:18:24","message":"✅ Application initialized successfully.","level":"info"}
{"date":"2024-12-31 12:18:24","message":"MongoDB connection established","level":"info"}
{"date":"2024-12-31 12:18:24","message":"MongoDB connected successfully","level":"info"}
{"date":"2024-12-31 12:18:25","message":"✅ Application initialized successfully.","level":"info"}
{"date":"2024-12-31 12:18:26","message":"MongoDB connection established","level":"info"}
{"date":"2024-12-31 12:18:26","message":"MongoDB connected successfully","level":"info"}
{"date":"2024-12-31 12:18:46","message":"✅ Application initialized successfully.","level":"info"}
{"date":"2024-12-31 12:18:46","message":"MongoDB connection established","level":"info"}
{"date":"2024-12-31 12:18:46","message":"MongoDB connected successfully","level":"info"}
{"date":"2024-12-31 12:18:50","message":"✅ Application initialized successfully.","level":"info"}
{"date":"2024-12-31 12:18:50","message":"MongoDB connection established","level":"info"}
{"date":"2024-12-31 12:18:50","message":"MongoDB connected successfully","level":"info"}
{"date":"2024-12-31 12:19:04","message":"✅ Application initialized successfully.","level":"info"}
{"date":"2024-12-31 12:19:05","message":"MongoDB connection established","level":"info"}
{"date":"2024-12-31 12:19:05","message":"MongoDB connected successfully","level":"info"}
{"date":"2024-12-31 12:19:31","message":"✅ Application initialized successfully.","level":"info"}
{"date":"2024-12-31 12:19:32","message":"MongoDB connection established","level":"info"}
{"date":"2024-12-31 12:19:32","message":"MongoDB connected successfully","level":"info"}
{"date":"2024-12-31 12:19:45","message":"✅ Application initialized successfully.","level":"info"}
{"date":"2024-12-31 12:19:45","message":"MongoDB connection established","level":"info"}
{"date":"2024-12-31 12:19:45","message":"MongoDB connected successfully","level":"info"}
{"date":"2024-12-31 12:19:55","message":"✅ Application initialized successfully.","level":"info"}
{"date":"2024-12-31 12:19:55","message":"MongoDB connection established","level":"info"}
{"date":"2024-12-31 12:19:55","message":"MongoDB connected successfully","level":"info"}
{"date":"2024-12-31 12:20:48","message":"✅ Application initialized successfully.","level":"info"}
{"date":"2024-12-31 12:20:49","message":"MongoDB connection established","level":"info"}
{"date":"2024-12-31 12:20:49","message":"MongoDB connected successfully","level":"info"}
{"date":"2024-12-31 12:21:07","message":"✅ Application initialized successfully.","level":"info"}
{"date":"2024-12-31 12:21:07","message":"✅ Application initialized successfully.","level":"info"}
{"date":"2024-12-31 12:21:09","message":"MongoDB connection established","level":"info"}
{"date":"2024-12-31 12:21:09","message":"MongoDB connected successfully","level":"info"}
{"date":"2024-12-31 12:27:19","message":"✅ Application initialized successfully.","level":"info"}
{"date":"2024-12-31 12:27:20","message":"MongoDB connection established","level":"info"}
{"date":"2024-12-31 12:27:20","message":"MongoDB connected successfully","level":"info"}
{"date":"2024-12-31 12:27:21","message":"✅ Application initialized successfully.","level":"info"}
{"date":"2024-12-31 12:27:21","message":"MongoDB connection established","level":"info"}
{"date":"2024-12-31 12:27:21","message":"MongoDB connected successfully","level":"info"}
{"date":"2024-12-31 12:27:26","message":"✅ Application initialized successfully.","level":"info"}
{"date":"2024-12-31 12:27:26","message":"MongoDB connection established","level":"info"}
{"date":"2024-12-31 12:27:26","message":"MongoDB connected successfully","level":"info"}
{"date":"2024-12-31 12:27:33","message":"✅ Application initialized successfully.","level":"info"}
{"date":"2024-12-31 12:27:34","message":"MongoDB connection established","level":"info"}
{"date":"2024-12-31 12:27:34","message":"MongoDB connected successfully","level":"info"}
{"date":"2024-12-31 12:27:34","message":"✅ Application initialized successfully.","level":"info"}
{"date":"2024-12-31 12:27:35","message":"MongoDB connection established","level":"info"}
{"date":"2024-12-31 12:27:35","message":"MongoDB connected successfully","level":"info"}
{"date":"2024-12-31 12:27:40","message":"✅ Application initialized successfully.","level":"info"}
{"date":"2024-12-31 12:27:42","message":"✅ Application initialized successfully.","level":"info"}
{"date":"2024-12-31 12:27:43","message":"✅ Application initialized successfully.","level":"info"}
{"date":"2024-12-31 12:27:43","message":"MongoDB connection established","level":"info"}
{"date":"2024-12-31 12:27:43","message":"MongoDB connected successfully","level":"info"}
{"date":"2024-12-31 12:27:46","message":"✅ Application initialized successfully.","level":"info"}
{"date":"2024-12-31 12:27:47","message":"MongoDB connection established","level":"info"}
{"date":"2024-12-31 12:27:47","message":"MongoDB connected successfully","level":"info"}
{"date":"2024-12-31 12:27:48","message":"✅ Application initialized successfully.","level":"info"}
{"date":"2024-12-31 12:27:49","message":"MongoDB connection established","level":"info"}
{"date":"2024-12-31 12:27:49","message":"MongoDB connected successfully","level":"info"}
{"date":"2024-12-31 12:29:27","message":"✅ Application initialized successfully.","level":"info"}
{"date":"2024-12-31 12:29:28","message":"MongoDB connection established","level":"info"}
{"date":"2024-12-31 12:29:28","message":"MongoDB connected successfully","level":"info"}
{"date":"2024-12-31 12:29:29","message":"✅ Application initialized successfully.","level":"info"}
{"date":"2024-12-31 12:29:30","message":"MongoDB connection established","level":"info"}
{"date":"2024-12-31 12:29:30","message":"MongoDB connected successfully","level":"info"}
{"date":"2024-12-31 12:29:36","message":"✅ Application initialized successfully.","level":"info"}
{"date":"2024-12-31 12:29:36","message":"MongoDB connection established","level":"info"}
{"date":"2024-12-31 12:29:36","message":"MongoDB connected successfully","level":"info"}
{"date":"2024-12-31 12:30:19","message":"✅ Application initialized successfully.","level":"info"}
{"date":"2024-12-31 12:30:20","message":"MongoDB connection established","level":"info"}
{"date":"2024-12-31 12:30:20","message":"MongoDB connected successfully","level":"info"}
{"date":"2024-12-31 13:08:36","message":"✅ Application initialized successfully.","level":"info"}
{"date":"2024-12-31 13:08:36","message":"MongoDB connection established","level":"info"}
{"date":"2024-12-31 13:08:36","message":"MongoDB connected successfully","level":"info"}
{"date":"2024-12-31 13:08:42","message":"✅ Application initialized successfully.","level":"info"}
{"date":"2024-12-31 13:08:43","message":"MongoDB connection established","level":"info"}
{"date":"2024-12-31 13:08:43","message":"MongoDB connected successfully","level":"info"}
{"date":"2024-12-31 13:08:53","message":"✅ Application initialized successfully.","level":"info"}
{"date":"2024-12-31 13:08:54","message":"MongoDB connection established","level":"info"}
{"date":"2024-12-31 13:08:54","message":"MongoDB connected successfully","level":"info"}
{"date":"2024-12-31 13:09:00","message":"✅ Application initialized successfully.","level":"info"}
{"date":"2024-12-31 13:09:01","message":"MongoDB connection established","level":"info"}
{"date":"2024-12-31 13:09:01","message":"MongoDB connected successfully","level":"info"}
{"date":"2024-12-31 13:09:02","message":"✅ Application initialized successfully.","level":"info"}
{"date":"2024-12-31 13:09:03","message":"MongoDB connection established","level":"info"}
{"date":"2024-12-31 13:09:03","message":"MongoDB connected successfully","level":"info"}
{"date":"2024-12-31 13:09:15","message":"✅ Application initialized successfully.","level":"info"}
{"date":"2024-12-31 13:09:15","message":"MongoDB connection established","level":"info"}
{"date":"2024-12-31 13:09:15","message":"MongoDB connected successfully","level":"info"}
{"date":"2024-12-31 13:09:17","message":"✅ Application initialized successfully.","level":"info"}
{"date":"2024-12-31 13:09:18","message":"MongoDB connection established","level":"info"}
{"date":"2024-12-31 13:09:18","message":"MongoDB connected successfully","level":"info"}
{"date":"2024-12-31 13:09:23","message":"✅ Application initialized successfully.","level":"info"}
{"date":"2024-12-31 13:09:24","message":"✅ Application initialized successfully.","level":"info"}
{"date":"2024-12-31 13:09:25","message":"MongoDB connection established","level":"info"}
{"date":"2024-12-31 13:09:25","message":"MongoDB connected successfully","level":"info"}
{"date":"2024-12-31 13:09:37","message":"✅ Application initialized successfully.","level":"info"}
{"date":"2024-12-31 13:09:38","message":"MongoDB connection established","level":"info"}
{"date":"2024-12-31 13:09:38","message":"MongoDB connected successfully","level":"info"}
{"date":"2024-12-31 13:16:02","message":"✅ Application initialized successfully.","level":"info"}
{"date":"2024-12-31 13:16:03","message":"MongoDB connection established","level":"info"}
{"date":"2024-12-31 13:16:03","message":"MongoDB connected successfully","level":"info"}
{"date":"2024-12-31 13:16:04","message":"✅ Application initialized successfully.","level":"info"}
{"date":"2024-12-31 13:16:05","message":"✅ Application initialized successfully.","level":"info"}
{"date":"2024-12-31 13:16:06","message":"MongoDB connection established","level":"info"}
{"date":"2024-12-31 13:16:06","message":"MongoDB connected successfully","level":"info"}
{"date":"2024-12-31 13:16:11","message":"✅ Application initialized successfully.","level":"info"}
{"date":"2024-12-31 13:16:11","message":"MongoDB connection established","level":"info"}
{"date":"2024-12-31 13:16:11","message":"MongoDB connected successfully","level":"info"}
{"date":"2024-12-31 13:16:14","message":"✅ Application initialized successfully.","level":"info"}
{"date":"2024-12-31 13:16:14","message":"MongoDB connection established","level":"info"}
{"date":"2024-12-31 13:16:14","message":"MongoDB connected successfully","level":"info"}
