{"date":"2024-12-30 11:16:27","message":"MongoDB connection error: MongoParseError: Invalid scheme, expected connection string to start with \"mongodb://\" or \"mongodb+srv://\"","level":"error"}
{"date":"2024-12-30 11:16:27","message":"✅ Application initialized successfully.","level":"info"}
{"date":"2024-12-30 11:16:27","message":"MongoDB connection error: Invalid scheme, expected connection string to start with \"mongodb://\" or \"mongodb+srv://\"","level":"error"}
{"date":"2024-12-30 11:48:02","message":"MongoDB connection error: MongoParseError: Invalid scheme, expected connection string to start with \"mongodb://\" or \"mongodb+srv://\"","level":"error"}
{"date":"2024-12-30 11:48:02","message":"✅ Application initialized successfully.","level":"info"}
{"date":"2024-12-30 11:48:02","message":"MongoDB connection error: Invalid scheme, expected connection string to start with \"mongodb://\" or \"mongodb+srv://\"","level":"error"}
{"date":"2024-12-30 11:49:36","message":"✅ Application initialized successfully.","level":"info"}
{"date":"2024-12-30 11:49:36","message":"MongoDB connection established","level":"info"}
{"date":"2024-12-30 11:49:36","message":"MongoDB connected successfully","level":"info"}
{"date":"2024-12-30 11:59:33","message":"✅ Application initialized successfully.","level":"info"}
{"date":"2024-12-30 11:59:33","message":"MongoDB connection established","level":"info"}
{"date":"2024-12-30 11:59:33","message":"MongoDB connected successfully","level":"info"}
{"date":"2024-12-30 12:00:57","message":"✅ Application initialized successfully.","level":"info"}
{"date":"2024-12-30 12:00:57","message":"MongoDB connection established","level":"info"}
{"date":"2024-12-30 12:00:57","message":"MongoDB connected successfully","level":"info"}
{"date":"2024-12-30 12:00:59","message":"✅ Application initialized successfully.","level":"info"}
{"date":"2024-12-30 12:00:59","message":"MongoDB connection established","level":"info"}
{"date":"2024-12-30 12:00:59","message":"MongoDB connected successfully","level":"info"}
{"date":"2024-12-30 12:01:00","message":"✅ Application initialized successfully.","level":"info"}
{"date":"2024-12-30 12:01:00","message":"MongoDB connection established","level":"info"}
{"date":"2024-12-30 12:01:00","message":"MongoDB connected successfully","level":"info"}
{"date":"2024-12-30 12:01:55","message":"Unhandled Rejection: Cannot destructure property 'username' of 'req.body' as it is undefined.","level":"error"}
{"date":"2024-12-30 12:02:03","message":"Unhandled Rejection: Cannot destructure property 'username' of 'req.body' as it is undefined.","level":"error"}
{"date":"2024-12-30 12:02:36","message":"Unhandled Rejection: Cannot destructure property 'username' of 'req.body' as it is undefined.","level":"error"}
{"date":"2024-12-30 12:03:05","message":"Unhandled Rejection: Cannot destructure property 'username' of 'req.body' as it is undefined.","level":"error"}
{"date":"2024-12-30 12:03:49","message":"Unhandled Rejection: Cannot destructure property 'email' of 'req.body' as it is undefined.","level":"error"}
{"date":"2024-12-30 12:04:21","message":"Unhandled Rejection: Cannot destructure property 'email' of 'req.body' as it is undefined.","level":"error"}
{"date":"2024-12-30 12:06:23","message":"✅ Application initialized successfully.","level":"info"}
{"date":"2024-12-30 12:06:23","message":"MongoDB connection established","level":"info"}
{"date":"2024-12-30 12:06:23","message":"MongoDB connected successfully","level":"info"}
{"date":"2024-12-30 12:06:23","message":"Unhandled Rejection: Cannot destructure property 'email' of 'req.body' as it is undefined.","level":"error"}
{"date":"2024-12-30 12:06:23","message":"Unhandled Rejection: Cannot destructure property 'email' of 'req.body' as it is undefined.","level":"error"}
{"date":"2024-12-30 12:06:24","message":"✅ Application initialized successfully.","level":"info"}
{"date":"2024-12-30 12:06:24","message":"MongoDB connection established","level":"info"}
{"date":"2024-12-30 12:06:24","message":"MongoDB connected successfully","level":"info"}
{"date":"2024-12-30 12:06:29","message":"✅ Application initialized successfully.","level":"info"}
{"date":"2024-12-30 12:06:29","message":"MongoDB connection established","level":"info"}
{"date":"2024-12-30 12:06:29","message":"MongoDB connected successfully","level":"info"}
{"date":"2024-12-30 12:06:31","message":"✅ Application initialized successfully.","level":"info"}
{"date":"2024-12-30 12:06:31","message":"MongoDB connection established","level":"info"}
{"date":"2024-12-30 12:06:31","message":"MongoDB connected successfully","level":"info"}
{"date":"2024-12-30 12:06:35","message":"✅ Application initialized successfully.","level":"info"}
{"date":"2024-12-30 12:06:35","message":"MongoDB connection established","level":"info"}
{"date":"2024-12-30 12:06:35","message":"MongoDB connected successfully","level":"info"}
{"date":"2024-12-30 12:06:36","message":"✅ Application initialized successfully.","level":"info"}
{"date":"2024-12-30 12:06:36","message":"MongoDB connection established","level":"info"}
{"date":"2024-12-30 12:06:36","message":"MongoDB connected successfully","level":"info"}
{"date":"2024-12-30 12:07:13","message":"✅ Application initialized successfully.","level":"info"}
{"date":"2024-12-30 12:07:13","message":"MongoDB connection established","level":"info"}
{"date":"2024-12-30 12:07:13","message":"MongoDB connected successfully","level":"info"}
{"date":"2024-12-30 12:08:38","message":"✅ Application initialized successfully.","level":"info"}
{"date":"2024-12-30 12:08:38","message":"MongoDB connection established","level":"info"}
{"date":"2024-12-30 12:08:38","message":"MongoDB connected successfully","level":"info"}
{"date":"2024-12-30 12:16:21","message":"✅ Application initialized successfully.","level":"info"}
{"date":"2024-12-30 12:16:21","message":"MongoDB connection established","level":"info"}
{"date":"2024-12-30 12:16:21","message":"MongoDB connected successfully","level":"info"}
